<?xml version="1.0" encoding="UTF-8"?>
<!-- Generated by org.testng.reporters.JUnitReportReporter -->
<testsuite hostname="DESKTOP-M3UAVPI" failures="0" tests="3" name="PracticeSelenium.Login" time="15.789" errors="0" timestamp="2023-12-05T20:38:54 IST" skipped="0">
  <testcase classname="PracticeSelenium.Login" name="verifyWithInvalidCredentials" time="4.939"/>
  <testcase classname="PracticeSelenium.Login" name="verifyWithValidCredentials" time="5.269"/>
  <testcase classname="PracticeSelenium.Login" name="assertAfterLogin" time="5.581"/>
</testsuite> <!-- PracticeSelenium.Login -->
