<?xml version="1.0" encoding="UTF-8"?>
<!-- Generated by org.testng.reporters.JUnitReportReporter -->
<testsuite hostname="DESKTOP-M3UAVPI" failures="0" tests="2" name="PracticeSelenium.Search" time="8.795" errors="0" timestamp="2023-12-05T00:47:32 IST" skipped="0">
  <testcase classname="PracticeSelenium.Search" name="verifysearchWithValidValue" time="4.545"/>
  <testcase classname="PracticeSelenium.Search" name="verifySearchWithInvalidValue" time="4.250"/>
</testsuite> <!-- PracticeSelenium.Search -->
