<?xml version="1.0" encoding="UTF-8"?>
<!-- Generated by org.testng.reporters.JUnitReportReporter -->
<testsuite hostname="DESKTOP-M3UAVPI" failures="0" tests="2" name="PracticeSelenium.Registration" time="13.396" errors="0" timestamp="2023-12-05T20:38:54 IST" skipped="0">
  <testcase classname="PracticeSelenium.Registration" name="verifyErrorMessagesInRegistration" time="7.557"/>
  <testcase classname="PracticeSelenium.Registration" name="verifyRegistration" time="5.839"/>
</testsuite> <!-- PracticeSelenium.Registration -->
